[debug] [2023-11-16T10:10:46.142Z] ----------------------------------------------------------------------
[debug] [2023-11-16T10:10:46.145Z] Command:       C:\Program Files\nodejs\node.exe C:\Users\Ramorokaneo\AppData\Roaming\npm\node_modules\firebase-tools\lib\bin\firebase.js init hosting
[debug] [2023-11-16T10:10:46.146Z] CLI Version:   12.9.1
[debug] [2023-11-16T10:10:46.147Z] Platform:      win32
[debug] [2023-11-16T10:10:46.147Z] Node Version:  v18.17.1
[debug] [2023-11-16T10:10:46.228Z] Time:          Thu Nov 16 2023 12:10:46 GMT+0200 (South Africa Standard Time)
[debug] [2023-11-16T10:10:46.228Z] ----------------------------------------------------------------------
[debug] 
[debug] [2023-11-16T10:10:46.366Z] > command requires scopes: ["email","openid","https://www.googleapis.com/auth/cloudplatformprojects.readonly","https://www.googleapis.com/auth/firebase","https://www.googleapis.com/auth/cloud-platform"]
[debug] [2023-11-16T10:10:46.367Z] > authorizing via signed-in user (atlegilemarketingsolutions@gmail.com)
[info] 
     ######## #### ########  ######## ########     ###     ######  ########
     ##        ##  ##     ## ##       ##     ##  ##   ##  ##       ##
     ######    ##  ########  ######   ########  #########  ######  ######
     ##        ##  ##    ##  ##       ##     ## ##     ##       ## ##
     ##       #### ##     ## ######## ########  ##     ##  ######  ########

You're about to initialize a Firebase project in this directory:

  C:\Users\Ramorokaneo\Desktop\work\Atlegile-Group-Project

Before we get started, keep in mind:

  * You are initializing within an existing Firebase project directory

[info] 
=== Project Setup
[info] 
[info] First, let's associate this project directory with a Firebase project.
[info] You can create multiple project aliases by running firebase use --add, 
[info] but for now we'll just set up a default project.
[info] 
[debug] [2023-11-16T10:20:36.341Z] Using project from CLI flag: atlegilemarketing
[debug] [2023-11-16T10:20:36.342Z] > refreshing access token with scopes: []
[debug] [2023-11-16T10:20:36.345Z] >>> [apiv2][query] POST https://www.googleapis.com/oauth2/v3/token [none]
[debug] [2023-11-16T10:20:36.345Z] >>> [apiv2][body] POST https://www.googleapis.com/oauth2/v3/token [omitted]
[debug] [2023-11-16T10:20:37.164Z] <<< [apiv2][status] POST https://www.googleapis.com/oauth2/v3/token 200
[debug] [2023-11-16T10:20:37.164Z] <<< [apiv2][body] POST https://www.googleapis.com/oauth2/v3/token [omitted]
[debug] [2023-11-16T10:20:37.239Z] >>> [apiv2][query] GET https://firebase.googleapis.com/v1beta1/projects/atlegilemarketing [none]
[debug] [2023-11-16T10:20:37.819Z] <<< [apiv2][status] GET https://firebase.googleapis.com/v1beta1/projects/atlegilemarketing 200
[debug] [2023-11-16T10:20:37.819Z] <<< [apiv2][body] GET https://firebase.googleapis.com/v1beta1/projects/atlegilemarketing {"projectId":"atlegilemarketing","projectNumber":"162373605376","displayName":"AtlegileMarketing","name":"projects/atlegilemarketing","resources":{"hostingSite":"atlegilemarketing","storageBucket":"atlegilemarketing.appspot.com","locationId":"us-central"},"state":"ACTIVE","etag":"1_fc93bc55-d91d-4fd3-824c-f960429362f2"}
[info] i  Using project atlegilemarketing (AtlegileMarketing) 
[info] 
=== Hosting Setup
[debug] [2023-11-16T10:20:37.853Z] >>> [apiv2][query] GET https://firebase.googleapis.com/v1beta1/projects/atlegilemarketing [none]
[debug] [2023-11-16T10:20:38.392Z] <<< [apiv2][status] GET https://firebase.googleapis.com/v1beta1/projects/atlegilemarketing 200
[debug] [2023-11-16T10:20:38.392Z] <<< [apiv2][body] GET https://firebase.googleapis.com/v1beta1/projects/atlegilemarketing {"projectId":"atlegilemarketing","projectNumber":"162373605376","displayName":"AtlegileMarketing","name":"projects/atlegilemarketing","resources":{"hostingSite":"atlegilemarketing","storageBucket":"atlegilemarketing.appspot.com","locationId":"us-central"},"state":"ACTIVE","etag":"1_fc93bc55-d91d-4fd3-824c-f960429362f2"}
[info] 
[info] Your public directory is the folder (relative to your project directory) that
[info] will contain Hosting assets to be uploaded with firebase deploy. If you
[info] have a build process for your assets, use your build's output directory.
[info] 
[info] +  Wrote build/404.html 
[debug] [2023-11-16T10:20:53.997Z] >>> [apiv2][query] GET https://www.gstatic.com/firebasejs/releases.json [none]
[debug] [2023-11-16T10:20:54.248Z] <<< [apiv2][status] GET https://www.gstatic.com/firebasejs/releases.json 200
[debug] [2023-11-16T10:20:54.248Z] <<< [apiv2][body] GET https://www.gstatic.com/firebasejs/releases.json {"current":{"version":"10.6.0","browserURL":"https://www.gstatic.com/firebasejs/10.6.0/firebase.js","packageURL":"https://www.gstatic.com/firebasejs/10.6.0/firebase.tgz"},"live":{"version":"10.6","browserURL":"https://www.gstatic.com/firebasejs/live/10.6/firebase.js","packageURL":"https://www.gstatic.com/firebasejs/live/10.6/firebase.tgz"},"components":{"analytics":"https://www.gstatic.com/firebasejs/10.6.0/firebase-analytics.js","app":"https://www.gstatic.com/firebasejs/10.6.0/firebase-app.js","app-check":"https://www.gstatic.com/firebasejs/10.6.0/firebase-app-check.js","auth":"https://www.gstatic.com/firebasejs/10.6.0/firebase-auth.js","auth/cordova":"https://www.gstatic.com/firebasejs/10.6.0/firebase-auth/cordova.js","functions":"https://www.gstatic.com/firebasejs/10.6.0/firebase-functions.js","firestore":"https://www.gstatic.com/firebasejs/10.6.0/firebase-firestore.js","firestore/lite":"https://www.gstatic.com/firebasejs/10.6.0/firebase-firestore/lite.js","installations":"https://www.gstatic.com/firebasejs/10.6.0/firebase-installations.js","storage":"https://www.gstatic.com/firebasejs/10.6.0/firebase-storage.js","performance":"https://www.gstatic.com/firebasejs/10.6.0/firebase-performance.js","remote-config":"https://www.gstatic.com/firebasejs/10.6.0/firebase-remote-config.js","messaging":"https://www.gstatic.com/firebasejs/10.6.0/firebase-messaging.js","messaging/sw":"https://www.gstatic.com/firebasejs/10.6.0/firebase-messaging/sw.js","database":"https://www.gstatic.com/firebasejs/10.6.0/firebase-database.js","firestore.memory":"https://www.gstatic.com/firebasejs/10.6.0/firebase-firestore.memory.js"}}
[info] +  Wrote build/index.html 
[info] 
[info] i  Detected a .git folder at C:\Users\Ramorokaneo\Desktop\work\Atlegile-Group-Project 
[info] i  Authorizing with GitHub to upload your service account to a GitHub repository's secrets store. 
[info] 
[info] Visit this URL on this device to log in:
[info] https://github.com/login/oauth/authorize?client_id=89cf50f02ac6aaed3484&state=590499332&redirect_uri=http%3A%2F%2Flocalhost%3A9005&scope=read%3Auser%20repo%20public_repo
[info] 
[info] Waiting for authentication...
[debug] [2023-11-16T10:21:07.701Z] >>> [apiv2][query] POST https://github.com/login/oauth/access_token [none]
[debug] [2023-11-16T10:21:07.701Z] >>> [apiv2][body] POST https://github.com/login/oauth/access_token [stream]
[debug] [2023-11-16T10:21:08.081Z] <<< [apiv2][status] POST https://github.com/login/oauth/access_token 200
[debug] [2023-11-16T10:21:08.082Z] <<< [apiv2][body] POST https://github.com/login/oauth/access_token {"access_token":"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","token_type":"bearer","scope":"read:user,repo"}
[debug] [2023-11-16T10:21:08.110Z] >>> [apiv2][query] GET https://api.github.com/user [none]
[debug] [2023-11-16T10:21:08.510Z] <<< [apiv2][status] GET https://api.github.com/user 200
[debug] [2023-11-16T10:21:08.510Z] <<< [apiv2][body] GET https://api.github.com/user {"login":"ramorokaneo","id":114235812,"node_id":"U_kgDOBs8ZpA","avatar_url":"https://avatars.githubusercontent.com/u/114235812?v=4","gravatar_id":"","url":"https://api.github.com/users/ramorokaneo","html_url":"https://github.com/ramorokaneo","followers_url":"https://api.github.com/users/ramorokaneo/followers","following_url":"https://api.github.com/users/ramorokaneo/following{/other_user}","gists_url":"https://api.github.com/users/ramorokaneo/gists{/gist_id}","starred_url":"https://api.github.com/users/ramorokaneo/starred{/owner}{/repo}","subscriptions_url":"https://api.github.com/users/ramorokaneo/subscriptions","organizations_url":"https://api.github.com/users/ramorokaneo/orgs","repos_url":"https://api.github.com/users/ramorokaneo/repos","events_url":"https://api.github.com/users/ramorokaneo/events{/privacy}","received_events_url":"https://api.github.com/users/ramorokaneo/received_events","type":"User","site_admin":false,"name":null,"company":null,"blog":"","location":null,"email":null,"hireable":null,"bio":null,"twitter_username":null,"public_repos":38,"public_gists":0,"followers":1,"following":4,"created_at":"2022-09-23T12:47:42Z","updated_at":"2023-11-16T06:05:20Z","private_gists":0,"total_private_repos":0,"owned_private_repos":0,"disk_usage":603868,"collaborators":0,"two_factor_authentication":false,"plan":{"name":"free","space":976562499,"collaborators":0,"private_repos":10000}}
[info] 
[info] +  Success! Logged into GitHub as ramorokaneo 
[info] 
